MSBUILD : error : This is an unhandled exception in MSBuild -- PLEASE UPVOTE AN EXISTING ISSUE OR FILE A NEW ONE AT https://aka.ms/msbuild/unhandled
MSBUILD : error :     System.OutOfMemoryException: Exception of type 'System.OutOfMemoryException' was thrown.
MSBUILD : error :    at System.Text.StringBuilder.ToString()
MSBUILD : error :    at System.Xml.XmlTextReaderImpl.ParseAttributeValueSlow(Int32 curPos, Char quoteChar, NodeData attr)
MSBUILD : error :    at System.Xml.XmlTextReaderImpl.ParseAttributes()
MSBUILD : error :    at System.Xml.XmlTextReaderImpl.ParseElement()
MSBUILD : error :    at System.Xml.XmlTextReaderImpl.ParseElementContent()
MSBUILD : error :    at System.Xml.XmlLoader.LoadNode(Boolean skipOverWhitespace)
MSBUILD : error :    at System.Xml.XmlLoader.LoadDocSequence(XmlDocument parentDoc)
MSBUILD : error :    at System.Xml.XmlDocument.Load(XmlReader reader)
MSBUILD : error :    at Microsoft.Build.Construction.XmlDocumentWithLocation.Load(XmlReader reader)
MSBUILD : error :    at Microsoft.Build.Construction.ProjectRootElement.LoadDocument(String fullPath, Boolean preserveFormatting, Boolean loadAsReadOnly)
MSBUILD : error :    at Microsoft.Build.Construction.ProjectRootElement..ctor(String path, ProjectRootElementCacheBase projectRootElementCache, Boolean preserveFormatting)
MSBUILD : error :    at Microsoft.Build.Construction.ProjectRootElement.CreateProjectFromPath(String projectFile, ProjectRootElementCacheBase projectRootElementCache, Boolean preserveFormatting)
MSBUILD : error :    at Microsoft.Build.Evaluation.ProjectRootElementCache.GetOrLoad(String projectFile, OpenProjectRootElement loadProjectRootElement, Boolean isExplicitlyLoaded, Nullable`1 preserveFormatting)
MSBUILD : error :    at Microsoft.Build.Evaluation.ProjectRootElementCache.Get(String projectFile, OpenProjectRootElement loadProjectRootElement, Boolean isExplicitlyLoaded, Nullable`1 preserveFormatting)
MSBUILD : error :    at Microsoft.Build.Construction.ProjectRootElement.OpenProjectOrSolution(String fullPath, IDictionary`2 globalProperties, String toolsVersion, ProjectRootElementCacheBase projectRootElementCache, Boolean isExplicitlyLoaded)
MSBUILD : error :    at Microsoft.Build.Evaluation.Evaluator`4.ExpandAndLoadImportsFromUnescapedImportExpression(String directoryOfImportingFile, ProjectImportElement importElement, String unescapedExpression, Boolean throwOnFileNotExistsError, List`1& imports)
MSBUILD : error :    at Microsoft.Build.Evaluation.Evaluator`4.ExpandAndLoadImportsFromUnescapedImportExpressionConditioned(String directoryOfImportingFile, ProjectImportElement importElement, List`1& projects, SdkResult& sdkResult)
MSBUILD : error :    at Microsoft.Build.Evaluation.Evaluator`4.ExpandAndLoadImports(String directoryOfImportingFile, ProjectImportElement importElement, SdkResult& sdkResult)
MSBUILD : error :    at Microsoft.Build.Evaluation.Evaluator`4.EvaluateImportElement(String directoryOfImportingFile, ProjectImportElement importElement)
MSBUILD : error :    at Microsoft.Build.Evaluation.Evaluator`4.PerformDepthFirstPass(ProjectRootElement currentProjectOrImport)
MSBUILD : error :    at Microsoft.Build.Evaluation.Evaluator`4.EvaluateImportElement(String directoryOfImportingFile, ProjectImportElement importElement)
MSBUILD : error :    at Microsoft.Build.Evaluation.Evaluator`4.PerformDepthFirstPass(ProjectRootElement currentProjectOrImport)
MSBUILD : error :    at Microsoft.Build.Evaluation.Evaluator`4.EvaluateImportElement(String directoryOfImportingFile, ProjectImportElement importElement)
MSBUILD : error :    at Microsoft.Build.Evaluation.Evaluator`4.PerformDepthFirstPass(ProjectRootElement currentProjectOrImport)
MSBUILD : error :    at Microsoft.Build.Evaluation.Evaluator`4.EvaluateImportElement(String directoryOfImportingFile, ProjectImportElement importElement)
MSBUILD : error :    at Microsoft.Build.Evaluation.Evaluator`4.EvaluateImportGroupElement(String directoryOfImportingFile, ProjectImportGroupElement importGroupElement)
MSBUILD : error :    at Microsoft.Build.Evaluation.Evaluator`4.PerformDepthFirstPass(ProjectRootElement currentProjectOrImport)
MSBUILD : error :    at Microsoft.Build.Evaluation.Evaluator`4.EvaluateImportElement(String directoryOfImportingFile, ProjectImportElement importElement)
MSBUILD : error :    at Microsoft.Build.Evaluation.Evaluator`4.PerformDepthFirstPass(ProjectRootElement currentProjectOrImport)
MSBUILD : error :    at Microsoft.Build.Evaluation.Evaluator`4.EvaluateImportElement(String directoryOfImportingFile, ProjectImportElement importElement)
MSBUILD : error :    at Microsoft.Build.Evaluation.Evaluator`4.PerformDepthFirstPass(ProjectRootElement currentProjectOrImport)
MSBUILD : error :    at Microsoft.Build.Evaluation.Evaluator`4.Evaluate()
MSBUILD : error :    at Microsoft.Build.Evaluation.Evaluator`4.Evaluate(IEvaluatorData`4 data, Project project, ProjectRootElement root, ProjectLoadSettings loadSettings, Int32 maxNodeCount, PropertyDictionary`1 environmentProperties, ICollection`1 propertiesFromCommandLine, ILoggingService loggingService, IItemFactory`2 itemFactory, IToolsetProvider toolsetProvider, IDirectoryCacheFactory directoryCacheFactory, ProjectRootElementCacheBase projectRootElementCache, BuildEventContext buildEventContext, ISdkResolverService sdkResolverService, Int32 submissionId, EvaluationContext evaluationContext, Boolean interactive)
MSBUILD : error :    at Microsoft.Build.Execution.ProjectInstance.Initialize(ProjectRootElement xml, IDictionary`2 globalProperties, String explicitToolsVersion, String explicitSubToolsetVersion, Int32 visualStudioVersionFromSolution, BuildParameters buildParameters, ILoggingService loggingService, BuildEventContext buildEventContext, ISdkResolverService sdkResolverService, Int32 submissionId, Nullable`1 projectLoadSettings, EvaluationContext evaluationContext, IDirectoryCacheFactory directoryCacheFactory)
MSBUILD : error :    at Microsoft.Build.BackEnd.BuildRequestConfiguration.<>c__DisplayClass61_0.<LoadProjectIntoConfiguration>b__0()
MSBUILD : error :    at Microsoft.Build.BackEnd.BuildRequestConfiguration.InitializeProject(BuildParameters buildParameters, Func`1 loadProjectFromFile)
MSBUILD : error :    at Microsoft.Build.BackEnd.RequestBuilder.<BuildProject>d__67.MoveNext()
MSBUILD : error : --- End of stack trace from previous location where exception was thrown ---
MSBUILD : error :    at System.Runtime.ExceptionServices.ExceptionDispatchInfo.Throw()
MSBUILD : error :    at System.Runtime.CompilerServices.TaskAwaiter.HandleNonSuccessAndDebuggerNotification(Task task)
MSBUILD : error :    at Microsoft.Build.BackEnd.RequestBuilder.<RequestThreadProc>d__58.MoveNext()
